<?xml version="1.0" encoding="UTF-8"?>
<testng-results skipped="0" failed="0" ignored="0" total="2" passed="2">
  <reporter-output>
  </reporter-output>
  <suite name="Suite" duration-ms="19030" started-at="2022-12-21T16:04:37 IST" finished-at="2022-12-21T16:04:56 IST">
    <groups>
    </groups>
    <test name="On Chrome" duration-ms="14529" started-at="2022-12-21T16:04:37 IST" finished-at="2022-12-21T16:04:52 IST">
      <class name="com.ebanking.master.Sgrid">
        <test-method status="PASS" signature="Grid(java.lang.String)[pri:0, instance:com.ebanking.master.Sgrid@cb51256]" name="Grid" duration-ms="14447" started-at="2022-12-21T16:04:38 IST" finished-at="2022-12-21T16:04:52 IST">
          <params>
            <param index="0">
              <value>
                <![CDATA[chrome]]>
              </value>
            </param>
          </params>
          <reporter-output>
          </reporter-output>
        </test-method> <!-- Grid -->
      </class> <!-- com.ebanking.master.Sgrid -->
    </test> <!-- On Chrome -->
    <test name="On Firefox" duration-ms="19029" started-at="2022-12-21T16:04:37 IST" finished-at="2022-12-21T16:04:56 IST">
      <class name="com.ebanking.master.Sgrid">
        <test-method status="PASS" signature="Grid(java.lang.String)[pri:0, instance:com.ebanking.master.Sgrid@1f57539]" name="Grid" duration-ms="18964" started-at="2022-12-21T16:04:38 IST" finished-at="2022-12-21T16:04:56 IST">
          <params>
            <param index="0">
              <value>
                <![CDATA[firefox]]>
              </value>
            </param>
          </params>
          <reporter-output>
          </reporter-output>
        </test-method> <!-- Grid -->
      </class> <!-- com.ebanking.master.Sgrid -->
    </test> <!-- On Firefox -->
  </suite> <!-- Suite -->
</testng-results>
